Using pre-set license
Built from '2020.2/staging' branch; Version is '2020.2.3f1 (8ff31bc5bf5b) revision 9433883'; Using compiler version '192528614'; Build Type 'Release'
OS: 'Windows 10 Home Single Language; OS build 19042.1052; Version 2009; 64bit' Language: 'ru' Physical Memory: 6077 MB
BatchMode: 1, IsHumanControllingUs: 0, StartBugReporterOnCrash: 0, Is64bit: 1, IsPro: 0

 COMMAND LINE ARGUMENTS:
C:\Program Files\Unity\Hub\Editor\2020.2.3f1\Editor\Unity.exe
-adb2
-batchMode
-noUpm
-name
AssetImportWorker1
-projectPath
C:/Users/User/Documents/GitHub/Be-Fly/Game Jam
-logFile
Logs/AssetImportWorker1.log
-srvPort
55158
Successfully changed project path to: C:/Users/User/Documents/GitHub/Be-Fly/Game Jam
C:/Users/User/Documents/GitHub/Be-Fly/Game Jam
Using Asset Import Pipeline V2.
Refreshing native plugins compatible for Editor in 51.43 ms, found 1 plugins.
Preloading 0 native plugins for Editor in 0.00 ms.
Initialize engine version: 2020.2.3f1 (8ff31bc5bf5b)
[Subsystems] Discovering subsystems at path C:/Program Files/Unity/Hub/Editor/2020.2.3f1/Editor/Data/Resources/UnitySubsystems
[Subsystems] Discovering subsystems at path C:/Users/User/Documents/GitHub/Be-Fly/Game Jam/Assets
GfxDevice: creating device client; threaded=0
Direct3D:
    Version:  Direct3D 11.0 [level 11.1]
    Renderer: NVIDIA GeForce GTX 1650 (ID=0x1f91)
    Vendor:   
    VRAM:     3962 MB
    Driver:   26.21.14.4193
Initialize mono
Mono path[0] = 'C:/Program Files/Unity/Hub/Editor/2020.2.3f1/Editor/Data/Managed'
Mono path[1] = 'C:/Program Files/Unity/Hub/Editor/2020.2.3f1/Editor/Data/MonoBleedingEdge/lib/mono/unityjit'
Mono config path = 'C:/Program Files/Unity/Hub/Editor/2020.2.3f1/Editor/Data/MonoBleedingEdge/etc'
Using monoOptions --debugger-agent=transport=dt_socket,embedding=1,server=y,suspend=n,address=127.0.0.1:56076
Begin MonoManager ReloadAssembly
Registering precompiled unity dll's ...
Register platform support module: C:/Program Files/Unity/Hub/Editor/2020.2.3f1/Editor/Data/PlaybackEngines/WindowsStandaloneSupport/UnityEditor.WindowsStandalone.Extensions.dll
Registered in 0.004014 seconds.
Native extension for WindowsStandalone target not found
Refreshing native plugins compatible for Editor in 50.20 ms, found 1 plugins.
Preloading 0 native plugins for Editor in 0.00 ms.
Invoked RoslynAnalysisRunner static constructor.
RoslynAnalysisRunner will not be running.
RoslynAnalysisRunner has terminated.
Mono: successfully reloaded assembly
- Completed reload, in  5.112 seconds
Platform modules already initialized, skipping
Registering precompiled user dll's ...
Registered in 0.003022 seconds.
Begin MonoManager ReloadAssembly
Native extension for WindowsStandalone target not found
Refreshing native plugins compatible for Editor in 49.10 ms, found 1 plugins.
Preloading 0 native plugins for Editor in 0.00 ms.
Invoked RoslynAnalysisRunner static constructor.
RoslynAnalysisRunner will not be running.
RoslynAnalysisRunner has terminated.
Mono: successfully reloaded assembly
- Completed reload, in  1.224 seconds
Platform modules already initialized, skipping
========================================================================
Worker process is ready to serve import requests
Launched and connected shader compiler UnityShaderCompiler.exe after 0.08 seconds
Refreshing native plugins compatible for Editor in 0.46 ms, found 1 plugins.
Preloading 0 native plugins for Editor in 0.00 ms.
Unloading 1894 Unused Serialized files (Serialized files now loaded: 0)
System memory in use before: 88.3 MB.
System memory in use after: 88.2 MB.

Unloading 24 unused Assets to reduce memory usage. Loaded Objects now: 2340.
Total: 3.832500 ms (FindLiveObjects: 0.307400 ms CreateObjectMapping: 0.082200 ms MarkObjects: 3.117900 ms  DeleteObjects: 0.322100 ms)

========================================================================
Received Import Request.
  path: Assets/Грязь 2.png
  artifactKey: Guid(0ec25f9d90d98d845a38ad688fbc7117) Importer(815301076,1909f56bfc062723c751e8b465ee728b)
Start importing Assets/Грязь 2.png using Guid(0ec25f9d90d98d845a38ad688fbc7117) Importer(815301076,1909f56bfc062723c751e8b465ee728b)  -> (artifact id: 'a72c4ff5ea12fc8626f1da0ebcf1ff5c') in 0.192032 seconds
  Import took 0.196974 seconds .

========================================================================
Received Import Request.
  Time since last request: 0.000582 seconds.
  path: Assets/Грязь 1.png
  artifactKey: Guid(eced2834c6dbd484c87fd4f67a16572a) Importer(815301076,1909f56bfc062723c751e8b465ee728b)
Start importing Assets/Грязь 1.png using Guid(eced2834c6dbd484c87fd4f67a16572a) Importer(815301076,1909f56bfc062723c751e8b465ee728b)  -> (artifact id: '63fa9ce25587d0a29b38ea1b6c68d96c') in 0.031622 seconds
  Import took 0.038064 seconds .

========================================================================
Received Import Request.
  Time since last request: 201.484293 seconds.
  path: Assets/Земля 1(от низа к верху без прозрачности).png
  artifactKey: Guid(4e42a82ea58ef3e4abe88e46ecfbb6f5) Importer(815301076,1909f56bfc062723c751e8b465ee728b)
Start importing Assets/Земля 1(от низа к верху без прозрачности).png using Guid(4e42a82ea58ef3e4abe88e46ecfbb6f5) Importer(815301076,1909f56bfc062723c751e8b465ee728b)  -> (artifact id: 'b7030ec010399854d08422ac5b4179c3') in 0.034364 seconds
  Import took 0.040780 seconds .

========================================================================
Received Import Request.
  Time since last request: 0.000277 seconds.
  path: Assets/Земля 2(с прозрачностью для труб).png
  artifactKey: Guid(f5aeb906ce2358e4092268dfb42280c1) Importer(815301076,1909f56bfc062723c751e8b465ee728b)
Start importing Assets/Земля 2(с прозрачностью для труб).png using Guid(f5aeb906ce2358e4092268dfb42280c1) Importer(815301076,1909f56bfc062723c751e8b465ee728b)  -> (artifact id: '248c1cfcf9afc50ca90f6ac37cd25e84') in 0.030371 seconds
  Import took 0.037826 seconds .

========================================================================
Received Import Request.
  Time since last request: 0.006161 seconds.
  path: Assets/Земля 2(с прозрачностью для труб).png
  artifactKey: Guid(f5aeb906ce2358e4092268dfb42280c1) Importer(815301076,1909f56bfc062723c751e8b465ee728b)
Start importing Assets/Земля 2(с прозрачностью для труб).png using Guid(f5aeb906ce2358e4092268dfb42280c1) Importer(815301076,1909f56bfc062723c751e8b465ee728b)  -> (artifact id: '248c1cfcf9afc50ca90f6ac37cd25e84') in 0.019915 seconds
  Import took 0.027687 seconds .

========================================================================
Received Prepare
Registering precompiled user dll's ...
Registered in 0.001473 seconds.
Begin MonoManager ReloadAssembly
Native extension for WindowsStandalone target not found
Refreshing native plugins compatible for Editor in 0.51 ms, found 1 plugins.
Preloading 0 native plugins for Editor in 0.00 ms.
Invoked RoslynAnalysisRunner static constructor.
RoslynAnalysisRunner will not be running.
RoslynAnalysisRunner has terminated.
Mono: successfully reloaded assembly
- Completed reload, in  1.371 seconds
Platform modules already initialized, skipping
Switching build target platform(5) subTarget(0) extendedPlatform(0) -> platform(13) subTarget(537395200) extendedPlatform(0)
Refreshing native plugins compatible for Editor in 0.44 ms, found 1 plugins.
Preloading 0 native plugins for Editor in 0.00 ms.
Unloading 1886 Unused Serialized files (Serialized files now loaded: 0)
System memory in use before: 90.7 MB.
System memory in use after: 90.7 MB.

Unloading 12 unused Assets to reduce memory usage. Loaded Objects now: 2349.
Total: 3.497300 ms (FindLiveObjects: 0.275400 ms CreateObjectMapping: 0.077100 ms MarkObjects: 2.980100 ms  DeleteObjects: 0.162800 ms)

AssetImportParameters requested are different than current active one (requested -> active):
  custom:graphics/normal-map-encoding: 01000000000000000000000000000000 -> 02000000000000000000000000000000
========================================================================
Received Prepare
Registering precompiled user dll's ...
Registered in 0.001195 seconds.
Begin MonoManager ReloadAssembly
Native extension for WindowsStandalone target not found
Refreshing native plugins compatible for Editor in 0.48 ms, found 1 plugins.
Preloading 0 native plugins for Editor in 0.00 ms.
Invoked RoslynAnalysisRunner static constructor.
RoslynAnalysisRunner will not be running.
RoslynAnalysisRunner has terminated.
Mono: successfully reloaded assembly
- Completed reload, in  1.138 seconds
Platform modules already initialized, skipping
Switching build target platform(5) subTarget(0) extendedPlatform(0) -> platform(13) subTarget(537395200) extendedPlatform(0)
Refreshing native plugins compatible for Editor in 0.50 ms, found 1 plugins.
Preloading 0 native plugins for Editor in 0.00 ms.
Unloading 1886 Unused Serialized files (Serialized files now loaded: 0)
System memory in use before: 90.8 MB.
System memory in use after: 90.8 MB.

Unloading 12 unused Assets to reduce memory usage. Loaded Objects now: 2352.
Total: 2.864900 ms (FindLiveObjects: 0.241300 ms CreateObjectMapping: 0.053700 ms MarkObjects: 2.412500 ms  DeleteObjects: 0.154500 ms)

AssetImportParameters requested are different than current active one (requested -> active):
  custom:graphics/normal-map-encoding: 01000000000000000000000000000000 -> 02000000000000000000000000000000
========================================================================
Received Prepare
Registering precompiled user dll's ...
Registered in 0.001218 seconds.
Begin MonoManager ReloadAssembly
Native extension for WindowsStandalone target not found
Refreshing native plugins compatible for Editor in 0.46 ms, found 1 plugins.
Preloading 0 native plugins for Editor in 0.00 ms.
Invoked RoslynAnalysisRunner static constructor.
RoslynAnalysisRunner will not be running.
RoslynAnalysisRunner has terminated.
Mono: successfully reloaded assembly
- Completed reload, in  1.209 seconds
Platform modules already initialized, skipping
Switching build target platform(5) subTarget(0) extendedPlatform(0) -> platform(13) subTarget(537395200) extendedPlatform(0)
Refreshing native plugins compatible for Editor in 0.46 ms, found 1 plugins.
Preloading 0 native plugins for Editor in 0.00 ms.
Unloading 1886 Unused Serialized files (Serialized files now loaded: 0)
System memory in use before: 90.8 MB.
System memory in use after: 90.8 MB.

Unloading 12 unused Assets to reduce memory usage. Loaded Objects now: 2355.
Total: 3.043400 ms (FindLiveObjects: 0.283100 ms CreateObjectMapping: 0.076000 ms MarkObjects: 2.523700 ms  DeleteObjects: 0.158600 ms)

AssetImportParameters requested are different than current active one (requested -> active):
  custom:graphics/normal-map-encoding: 01000000000000000000000000000000 -> 02000000000000000000000000000000
========================================================================
Received Prepare
Registering precompiled user dll's ...
Registered in 0.001379 seconds.
Begin MonoManager ReloadAssembly
Native extension for WindowsStandalone target not found
Refreshing native plugins compatible for Editor in 0.55 ms, found 1 plugins.
Preloading 0 native plugins for Editor in 0.00 ms.
Invoked RoslynAnalysisRunner static constructor.
RoslynAnalysisRunner will not be running.
RoslynAnalysisRunner has terminated.
Mono: successfully reloaded assembly
- Completed reload, in  1.194 seconds
Platform modules already initialized, skipping
Switching build target platform(5) subTarget(0) extendedPlatform(0) -> platform(13) subTarget(537395200) extendedPlatform(0)
Refreshing native plugins compatible for Editor in 0.55 ms, found 1 plugins.
Preloading 0 native plugins for Editor in 0.00 ms.
Unloading 1886 Unused Serialized files (Serialized files now loaded: 0)
System memory in use before: 90.8 MB.
System memory in use after: 90.8 MB.

Unloading 12 unused Assets to reduce memory usage. Loaded Objects now: 2358.
Total: 3.037400 ms (FindLiveObjects: 0.284500 ms CreateObjectMapping: 0.071400 ms MarkObjects: 2.501100 ms  DeleteObjects: 0.178200 ms)

AssetImportParameters requested are different than current active one (requested -> active):
  custom:graphics/normal-map-encoding: 01000000000000000000000000000000 -> 02000000000000000000000000000000
========================================================================
Received Prepare
Registering precompiled user dll's ...
Registered in 0.001175 seconds.
Begin MonoManager ReloadAssembly
Native extension for WindowsStandalone target not found
Refreshing native plugins compatible for Editor in 0.61 ms, found 1 plugins.
Preloading 0 native plugins for Editor in 0.00 ms.
Invoked RoslynAnalysisRunner static constructor.
RoslynAnalysisRunner will not be running.
RoslynAnalysisRunner has terminated.
Mono: successfully reloaded assembly
- Completed reload, in  1.151 seconds
Platform modules already initialized, skipping
Switching build target platform(5) subTarget(0) extendedPlatform(0) -> platform(13) subTarget(537395200) extendedPlatform(0)
Refreshing native plugins compatible for Editor in 0.53 ms, found 1 plugins.
Preloading 0 native plugins for Editor in 0.00 ms.
Unloading 1886 Unused Serialized files (Serialized files now loaded: 0)
System memory in use before: 90.8 MB.
System memory in use after: 90.8 MB.

Unloading 12 unused Assets to reduce memory usage. Loaded Objects now: 2361.
Total: 4.337400 ms (FindLiveObjects: 0.420500 ms CreateObjectMapping: 0.164400 ms MarkObjects: 3.557000 ms  DeleteObjects: 0.192700 ms)

AssetImportParameters requested are different than current active one (requested -> active):
  custom:graphics/normal-map-encoding: 01000000000000000000000000000000 -> 02000000000000000000000000000000
========================================================================
Received Prepare
Registering precompiled user dll's ...
Registered in 0.001107 seconds.
Begin MonoManager ReloadAssembly
Native extension for WindowsStandalone target not found
Refreshing native plugins compatible for Editor in 0.54 ms, found 1 plugins.
Preloading 0 native plugins for Editor in 0.00 ms.
Invoked RoslynAnalysisRunner static constructor.
RoslynAnalysisRunner will not be running.
RoslynAnalysisRunner has terminated.
Mono: successfully reloaded assembly
- Completed reload, in  1.174 seconds
Platform modules already initialized, skipping
Switching build target platform(5) subTarget(0) extendedPlatform(0) -> platform(13) subTarget(537395200) extendedPlatform(0)
Refreshing native plugins compatible for Editor in 0.51 ms, found 1 plugins.
Preloading 0 native plugins for Editor in 0.00 ms.
Unloading 1886 Unused Serialized files (Serialized files now loaded: 0)
System memory in use before: 90.8 MB.
System memory in use after: 90.8 MB.

Unloading 12 unused Assets to reduce memory usage. Loaded Objects now: 2364.
Total: 3.395700 ms (FindLiveObjects: 0.364300 ms CreateObjectMapping: 0.093400 ms MarkObjects: 2.766600 ms  DeleteObjects: 0.169400 ms)

AssetImportParameters requested are different than current active one (requested -> active):
  custom:graphics/normal-map-encoding: 01000000000000000000000000000000 -> 02000000000000000000000000000000
========================================================================
Received Prepare
Registering precompiled user dll's ...
Registered in 0.002470 seconds.
Begin MonoManager ReloadAssembly
Native extension for WindowsStandalone target not found
Refreshing native plugins compatible for Editor in 0.53 ms, found 1 plugins.
Preloading 0 native plugins for Editor in 0.00 ms.
Invoked RoslynAnalysisRunner static constructor.
RoslynAnalysisRunner will not be running.
RoslynAnalysisRunner has terminated.
Mono: successfully reloaded assembly
- Completed reload, in  1.306 seconds
Platform modules already initialized, skipping
Switching build target platform(5) subTarget(0) extendedPlatform(0) -> platform(13) subTarget(537395200) extendedPlatform(0)
Refreshing native plugins compatible for Editor in 0.65 ms, found 1 plugins.
Preloading 0 native plugins for Editor in 0.00 ms.
Unloading 1886 Unused Serialized files (Serialized files now loaded: 0)
System memory in use before: 90.8 MB.
System memory in use after: 90.8 MB.

Unloading 12 unused Assets to reduce memory usage. Loaded Objects now: 2367.
Total: 3.589200 ms (FindLiveObjects: 0.311400 ms CreateObjectMapping: 0.083900 ms MarkObjects: 3.019700 ms  DeleteObjects: 0.171400 ms)

AssetImportParameters requested are different than current active one (requested -> active):
  custom:graphics/normal-map-encoding: 01000000000000000000000000000000 -> 02000000000000000000000000000000
========================================================================
Received Prepare
Registering precompiled user dll's ...
Registered in 0.001192 seconds.
Begin MonoManager ReloadAssembly
Native extension for WindowsStandalone target not found
Refreshing native plugins compatible for Editor in 0.51 ms, found 1 plugins.
Preloading 0 native plugins for Editor in 0.00 ms.
Invoked RoslynAnalysisRunner static constructor.
RoslynAnalysisRunner will not be running.
RoslynAnalysisRunner has terminated.
Mono: successfully reloaded assembly
- Completed reload, in  1.290 seconds
Platform modules already initialized, skipping
Switching build target platform(5) subTarget(0) extendedPlatform(0) -> platform(13) subTarget(537395200) extendedPlatform(0)
Refreshing native plugins compatible for Editor in 0.52 ms, found 1 plugins.
Preloading 0 native plugins for Editor in 0.00 ms.
Unloading 1886 Unused Serialized files (Serialized files now loaded: 0)
System memory in use before: 90.9 MB.
System memory in use after: 90.8 MB.

Unloading 12 unused Assets to reduce memory usage. Loaded Objects now: 2370.
Total: 3.319900 ms (FindLiveObjects: 0.287400 ms CreateObjectMapping: 0.077000 ms MarkObjects: 2.793400 ms  DeleteObjects: 0.160400 ms)

AssetImportParameters requested are different than current active one (requested -> active):
  custom:graphics/normal-map-encoding: 01000000000000000000000000000000 -> 02000000000000000000000000000000
========================================================================
Received Prepare
Registering precompiled user dll's ...
Registered in 0.001604 seconds.
Begin MonoManager ReloadAssembly
Native extension for WindowsStandalone target not found
Refreshing native plugins compatible for Editor in 0.49 ms, found 1 plugins.
Preloading 0 native plugins for Editor in 0.00 ms.
Invoked RoslynAnalysisRunner static constructor.
RoslynAnalysisRunner will not be running.
RoslynAnalysisRunner has terminated.
Mono: successfully reloaded assembly
- Completed reload, in  1.357 seconds
Platform modules already initialized, skipping
Switching build target platform(5) subTarget(0) extendedPlatform(0) -> platform(13) subTarget(537395200) extendedPlatform(0)
Refreshing native plugins compatible for Editor in 0.63 ms, found 1 plugins.
Preloading 0 native plugins for Editor in 0.00 ms.
Unloading 1886 Unused Serialized files (Serialized files now loaded: 0)
System memory in use before: 90.9 MB.
System memory in use after: 90.9 MB.

Unloading 12 unused Assets to reduce memory usage. Loaded Objects now: 2373.
Total: 4.045600 ms (FindLiveObjects: 0.295100 ms CreateObjectMapping: 0.078100 ms MarkObjects: 3.147900 ms  DeleteObjects: 0.521900 ms)

AssetImportParameters requested are different than current active one (requested -> active):
  custom:graphics/normal-map-encoding: 01000000000000000000000000000000 -> 02000000000000000000000000000000
========================================================================
Received Import Request.
  Time since last request: 3058.282931 seconds.
  path: Assets/Sprites/Back/Бэк 3.png
  artifactKey: Guid(28d87a8b05b4b2d49ba74441b4e7a2b8) Importer(815301076,1909f56bfc062723c751e8b465ee728b)
Start importing Assets/Sprites/Back/Бэк 3.png using Guid(28d87a8b05b4b2d49ba74441b4e7a2b8) Importer(815301076,1909f56bfc062723c751e8b465ee728b)  -> (artifact id: '0bda88c58422fbec1bc31af3bd02da9a') in 0.140676 seconds
  Import took 0.147777 seconds .

========================================================================
Received Import Request.
  Time since last request: 6.183243 seconds.
  path: Assets/Sprites/Back/Бэк 4 (самый дальний слой).png
  artifactKey: Guid(5d6d1e698bc48d845971b507ad5c87c9) Importer(815301076,1909f56bfc062723c751e8b465ee728b)
Start importing Assets/Sprites/Back/Бэк 4 (самый дальний слой).png using Guid(5d6d1e698bc48d845971b507ad5c87c9) Importer(815301076,1909f56bfc062723c751e8b465ee728b)  -> (artifact id: 'e9db1889b61e7ac75f8a766cc72b0c63') in 0.027029 seconds
  Import took 0.033771 seconds .

========================================================================
Received Import Request.
  Time since last request: 0.002837 seconds.
  path: Assets/Sprites/Back/Бэк 4 (самый дальний слой).png
  artifactKey: Guid(5d6d1e698bc48d845971b507ad5c87c9) Importer(815301076,1909f56bfc062723c751e8b465ee728b)
Start importing Assets/Sprites/Back/Бэк 4 (самый дальний слой).png using Guid(5d6d1e698bc48d845971b507ad5c87c9) Importer(815301076,1909f56bfc062723c751e8b465ee728b)  -> (artifact id: 'e9db1889b61e7ac75f8a766cc72b0c63') in 0.016818 seconds
  Import took 0.021789 seconds .

========================================================================
Received Import Request.
  Time since last request: 14.780396 seconds.
  path: Assets/Sprites/Back/Бэк 1.png
  artifactKey: Guid(45d56a5daf4bdac498165d4236f7a85b) Importer(815301076,1909f56bfc062723c751e8b465ee728b)
Start importing Assets/Sprites/Back/Бэк 1.png using Guid(45d56a5daf4bdac498165d4236f7a85b) Importer(815301076,1909f56bfc062723c751e8b465ee728b)  -> (artifact id: '3fb0a68acbb49a788649577d02f740b3') in 0.028218 seconds
  Import took 0.033189 seconds .

========================================================================
Received Import Request.
  Time since last request: 5.793658 seconds.
  path: Assets/Sprites/Back/Бэк 2.png
  artifactKey: Guid(ca499f88ede8b48479f581eca8d4be0d) Importer(815301076,1909f56bfc062723c751e8b465ee728b)
Start importing Assets/Sprites/Back/Бэк 2.png using Guid(ca499f88ede8b48479f581eca8d4be0d) Importer(815301076,1909f56bfc062723c751e8b465ee728b)  -> (artifact id: '90affcc6ae2c80c34e286019be39d26f') in 0.025706 seconds
  Import took 0.031506 seconds .

========================================================================
Received Import Request.
  Time since last request: 0.004958 seconds.
  path: Assets/Sprites/Back/Бэк 2.png
  artifactKey: Guid(ca499f88ede8b48479f581eca8d4be0d) Importer(815301076,1909f56bfc062723c751e8b465ee728b)
Start importing Assets/Sprites/Back/Бэк 2.png using Guid(ca499f88ede8b48479f581eca8d4be0d) Importer(815301076,1909f56bfc062723c751e8b465ee728b)  -> (artifact id: '90affcc6ae2c80c34e286019be39d26f') in 0.032576 seconds
  Import took 0.037468 seconds .

========================================================================
Received Import Request.
  Time since last request: 6.720290 seconds.
  path: Assets/Sprites/Back/Бэк 3.png
  artifactKey: Guid(28d87a8b05b4b2d49ba74441b4e7a2b8) Importer(815301076,1909f56bfc062723c751e8b465ee728b)
Start importing Assets/Sprites/Back/Бэк 3.png using Guid(28d87a8b05b4b2d49ba74441b4e7a2b8) Importer(815301076,1909f56bfc062723c751e8b465ee728b)  -> (artifact id: 'c94bc25f728891272968db554ce6ad37') in 0.019056 seconds
  Import took 0.023804 seconds .

========================================================================
Received Prepare
Registering precompiled user dll's ...
Registered in 0.001254 seconds.
Begin MonoManager ReloadAssembly
Native extension for WindowsStandalone target not found
Refreshing native plugins compatible for Editor in 0.51 ms, found 1 plugins.
Preloading 0 native plugins for Editor in 0.00 ms.
Invoked RoslynAnalysisRunner static constructor.
RoslynAnalysisRunner will not be running.
RoslynAnalysisRunner has terminated.
Mono: successfully reloaded assembly
- Completed reload, in  1.190 seconds
Platform modules already initialized, skipping
Switching build target platform(5) subTarget(0) extendedPlatform(0) -> platform(13) subTarget(537395200) extendedPlatform(0)
Refreshing native plugins compatible for Editor in 0.46 ms, found 1 plugins.
Preloading 0 native plugins for Editor in 0.00 ms.
Unloading 1886 Unused Serialized files (Serialized files now loaded: 0)
System memory in use before: 90.9 MB.
System memory in use after: 90.9 MB.

Unloading 12 unused Assets to reduce memory usage. Loaded Objects now: 2377.
Total: 3.437400 ms (FindLiveObjects: 0.317500 ms CreateObjectMapping: 0.074900 ms MarkObjects: 2.859800 ms  DeleteObjects: 0.183100 ms)

AssetImportParameters requested are different than current active one (requested -> active):
  custom:graphics/normal-map-encoding: 01000000000000000000000000000000 -> 02000000000000000000000000000000
AssetImportWorkerClient::OnTransportError - code=2 error=End of file
